#
# A fatal error has been detected by the Java Runtime Environment:
#
#  Internal Error (javaClasses.cpp:129), pid=4800, tid=3768
#  fatal error: Invalid layout of preloaded class
#
# JRE version: 7.0_09-b05
# Java VM: Java HotSpot(TM) 64-Bit Server VM (23.5-b02 mixed mode windows-amd64 compressed oops)
# Failed to write core dump. Minidumps are not enabled by default on client versions of Windows
#
# If you would like to submit a bug report, please visit:
#   http://bugreport.sun.com/bugreport/crash.jsp
#

---------------  T H R E A D  ---------------

Current thread (0x0000000001f0d000):  JavaThread "Unknown thread" [_thread_in_vm, id=3768, stack(0x0000000001d40000,0x0000000001e40000)]

Stack: [0x0000000001d40000,0x0000000001e40000]

---------------  P R O C E S S  ---------------

Java Threads: ( => current thread )

Other Threads:

=>0x0000000001f0d000 (exited) JavaThread "Unknown thread" [_thread_in_vm, id=3768, stack(0x0000000001d40000,0x0000000001e40000)]

VM state:not at safepoint (not fully initialized)

VM Mutex/Monitor currently owned by a thread: None

GC Heap History (0 events):
No events

Deoptimization events (0 events):
No events

Internal exceptions (0 events):
No events

Events (10 events):
Event: 0.017 loading class 0x0000000001f23480 done
Event: 0.018 loading class 0x0000000001f23690 done
Event: 0.018 loading class 0x0000000001f23420
Event: 0.018 loading class 0x0000000001f5f2e0
Event: 0.018 loading class 0x0000000001f5f2e0 done
Event: 0.018 loading class 0x0000000001f5f060
Event: 0.018 loading class 0x0000000001f5f060 done
Event: 0.018 loading class 0x000000000809d300
Event: 0.018 loading class 0x000000000809d300 done
Event: 0.019 loading class 0x0000000001f23420 done


Dynamic libraries:
0x000007f7ef710000 - 0x000007f7ef744000 	C:\Program Files\Java\jre7\bin\javaw.exe
0x000007fbb65b0000 - 0x000007fbb676e000 	C:\WINDOWS\SYSTEM32\ntdll.dll
0x000007fbb4050000 - 0x000007fbb4186000 	C:\WINDOWS\system32\KERNEL32.DLL
0x000007fbb3920000 - 0x000007fbb3a13000 	C:\WINDOWS\system32\KERNELBASE.dll
0x000007fbb5dc0000 - 0x000007fbb5e9e000 	C:\WINDOWS\system32\ADVAPI32.dll
0x000007fbb3d80000 - 0x000007fbb3ecc000 	C:\WINDOWS\system32\USER32.dll
0x000007fbb0e30000 - 0x000007fbb1099000 	C:\WINDOWS\WinSxS\amd64_microsoft.windows.common-controls_6595b64144ccf1df_6.0.9200.16384_none_418c2a697189c07f\COMCTL32.dll
0x000007fbb3fa0000 - 0x000007fbb4045000 	C:\WINDOWS\system32\msvcrt.dll
0x000007fbb61d0000 - 0x000007fbb6218000 	C:\WINDOWS\SYSTEM32\sechost.dll
0x000007fbb5490000 - 0x000007fbb55d0000 	C:\WINDOWS\system32\RPCRT4.dll
0x000007fbb5ea0000 - 0x000007fbb5fe0000 	C:\WINDOWS\system32\GDI32.dll
0x000007fbb3a20000 - 0x000007fbb3a59000 	C:\WINDOWS\system32\IMM32.DLL
0x000007fbb3c60000 - 0x000007fbb3d74000 	C:\WINDOWS\system32\MSCTF.dll
0x000007fbb34c0000 - 0x000007fbb34c8000 	C:\PROGRA~2\NVIDIA~1\3DVISI~1\NVSTIN~1.DLL
0x000007fbb6040000 - 0x000007fbb6047000 	C:\WINDOWS\system32\PSAPI.DLL
0x000000005a630000 - 0x000000005a6d3000 	C:\WINDOWS\WinSxS\amd64_microsoft.vc90.crt_1fc8b3b9a1e18e3b_9.0.30729.6871_none_08e717a5a83adddf\MSVCR90.dll
0x0000000059900000 - 0x00000000599d1000 	C:\Program Files\Java\jre7\bin\msvcr100.dll
0x00000000591e0000 - 0x00000000598ff000 	C:\Program Files\Java\jre7\bin\server\jvm.dll
0x000007fbad0c0000 - 0x000007fbad0c9000 	C:\WINDOWS\SYSTEM32\WSOCK32.dll
0x000007fbb1c00000 - 0x000007fbb1c20000 	C:\WINDOWS\SYSTEM32\WINMM.dll
0x000007fbb5fe0000 - 0x000007fbb6038000 	C:\WINDOWS\system32\WS2_32.dll
0x000007fbb0730000 - 0x000007fbb0762000 	C:\WINDOWS\SYSTEM32\WINMMBASE.dll
0x000007fbb5480000 - 0x000007fbb5489000 	C:\WINDOWS\system32\NSI.dll
0x00000000591d0000 - 0x00000000591df000 	C:\Program Files\Java\jre7\bin\verify.dll
0x00000000591a0000 - 0x00000000591c8000 	C:\Program Files\Java\jre7\bin\java.dll
0x0000000059180000 - 0x0000000059195000 	C:\Program Files\Java\jre7\bin\zip.dll

VM Arguments:
jvm_args: -Dfile.encoding=Cp1252 -Xbootclasspath:C:\Users\Computer\Downloads\adt-bundle-windows-x86_64\adt-bundle-windows\sdk\platforms\android-4.2\android.jar 
java_command: com.example.cattracker.MainActivity
Launcher Type: SUN_STANDARD

Environment Variables:
PATH=C:\WINDOWS\system32;C:\WINDOWS;C:\WINDOWS\System32\Wbem;C:\WINDOWS\System32\WindowsPowerShell\v1.0\
USERNAME=CousCous
OS=Windows_NT
PROCESSOR_IDENTIFIER=Intel64 Family 6 Model 42 Stepping 7, GenuineIntel



---------------  S Y S T E M  ---------------

OS: Windows 8 , 64 bit Build 9200 

CPU:total 4 (2 cores per cpu, 2 threads per core) family 6 model 42 stepping 7, cmov, cx8, fxsr, mmx, sse, sse2, sse3, ssse3, sse4.1, sse4.2, popcnt, avx, ht, tsc, tscinvbit

Memory: 4k page, physical 3966092k(1203636k free), swap 4686988k(1214788k free)

vm_info: Java HotSpot(TM) 64-Bit Server VM (23.5-b02) for windows-amd64 JRE (1.7.0_09-b05), built on Sep 24 2012 21:45:04 by "java_re" with unknown MS VC++:1600

time: Tue Dec 04 22:19:05 2012
elapsed time: 0 seconds

